<?xml version="1.0" encoding="UTF-8"?>
<!-- Generated by org.testng.reporters.JUnitXMLReporter -->
<testsuite hostname="DESKTOP-L8973B7" ignored="0" name="Test" tests="9" failures="5" timestamp="18 Jun 2020 17:45:09 GMT" time="85.078" errors="0">
  <testcase name="adminLoginAsSeller" time="9.341" classname="com.bridgelabz.testcases.TC_Login_01">
    <failure type="java.lang.AssertionError" message="expected [true] but found [false]">
      <![CDATA[java.lang.AssertionError: expected [true] but found [false]
at com.bridgelabz.testcases.TC_Login_01.adminLogin(TC_Login_01.java:109)
at com.bridgelabz.testcases.TC_Login_01.adminLoginAsSeller(TC_Login_01.java:61)
... Removed 29 stack frames]]>
    </failure>
  </testcase> <!-- adminLoginAsSeller -->
  <testcase name="adminLoginAsUser" time="10.594" classname="com.bridgelabz.testcases.TC_Login_01"/>
  <testcase name="loginAsUserAsSeller" time="7.087" classname="com.bridgelabz.testcases.TC_Login_01">
    <failure type="java.lang.AssertionError" message="expected [true] but found [false]">
      <![CDATA[java.lang.AssertionError: expected [true] but found [false]
at com.bridgelabz.testcases.TC_Login_01.adminLogin(TC_Login_01.java:109)
at com.bridgelabz.testcases.TC_Login_01.loginAsUserAsSeller(TC_Login_01.java:42)
... Removed 29 stack frames]]>
    </failure>
  </testcase> <!-- loginAsUserAsSeller -->
  <testcase name="loginUserAsAdmin" time="6.897" classname="com.bridgelabz.testcases.TC_Login_01">
    <failure type="java.lang.AssertionError" message="expected [true] but found [false]">
      <![CDATA[java.lang.AssertionError: expected [true] but found [false]
at com.bridgelabz.testcases.TC_Login_01.adminLogin(TC_Login_01.java:109)
at com.bridgelabz.testcases.TC_Login_01.loginUserAsAdmin(TC_Login_01.java:48)
... Removed 29 stack frames]]>
    </failure>
  </testcase> <!-- loginUserAsAdmin -->
  <testcase name="sellerLoginAsAdmin" time="6.799" classname="com.bridgelabz.testcases.TC_Login_01">
    <failure type="java.lang.AssertionError" message="expected [true] but found [false]">
      <![CDATA[java.lang.AssertionError: expected [true] but found [false]
at com.bridgelabz.testcases.TC_Login_01.adminLogin(TC_Login_01.java:109)
at com.bridgelabz.testcases.TC_Login_01.sellerLoginAsAdmin(TC_Login_01.java:68)
... Removed 29 stack frames]]>
    </failure>
  </testcase> <!-- sellerLoginAsAdmin -->
  <testcase name="sellerLoginAsUser" time="6.653" classname="com.bridgelabz.testcases.TC_Login_01">
    <failure type="java.lang.AssertionError" message="expected [true] but found [false]">
      <![CDATA[java.lang.AssertionError: expected [true] but found [false]
at com.bridgelabz.testcases.TC_Login_01.adminLogin(TC_Login_01.java:109)
at com.bridgelabz.testcases.TC_Login_01.sellerLoginAsUser(TC_Login_01.java:74)
... Removed 29 stack frames]]>
    </failure>
  </testcase> <!-- sellerLoginAsUser -->
  <testcase name="validatetingWithValidCridential" time="9.669" classname="com.bridgelabz.testcases.TC_Login_01"/>
  <testcase name="validatetingWithValidCridentialOfAdmin" time="9.609" classname="com.bridgelabz.testcases.TC_Login_01"/>
  <testcase name="validatetingWithValidCridentialOfSeller" time="9.983" classname="com.bridgelabz.testcases.TC_Login_01"/>
</testsuite> <!-- Test -->
