<?xml version="1.0" encoding="UTF-8"?>
<testng-results skipped="0" failed="0" ignored="0" total="3" passed="3">
  <reporter-output>
  </reporter-output>
  <suite name="Suite" duration-ms="39617" started-at="2020-06-18T17:29:10Z" finished-at="2020-06-18T17:29:49Z">
    <groups>
    </groups>
    <test name="Test" duration-ms="39617" started-at="2020-06-18T17:29:10Z" finished-at="2020-06-18T17:29:49Z">
      <class name="com.bridgelabz.testcases.TC_AdminLogin_01">
        <test-method status="PASS" signature="setup(java.lang.String)[pri:0, instance:com.bridgelabz.testcases.TC_AdminLogin_01@6fd02e5]" name="setup" is-config="true" duration-ms="6370" started-at="2020-06-18T17:29:10Z" finished-at="2020-06-18T17:29:16Z">
          <params>
            <param index="0">
              <value>
                <![CDATA[chrome]]>
              </value>
            </param>
          </params>
          <reporter-output>
          </reporter-output>
        </test-method> <!-- setup -->
        <test-method status="PASS" signature="validatetingWithValidCridential()[pri:0, instance:com.bridgelabz.testcases.TC_AdminLogin_01@6fd02e5]" name="validatetingWithValidCridential" duration-ms="11428" started-at="2020-06-18T17:29:16Z" finished-at="2020-06-18T17:29:28Z">
          <reporter-output>
          </reporter-output>
        </test-method> <!-- validatetingWithValidCridential -->
        <test-method status="PASS" signature="validatetingWithValidCridentialOfAdmin()[pri:0, instance:com.bridgelabz.testcases.TC_AdminLogin_01@6fd02e5]" name="validatetingWithValidCridentialOfAdmin" duration-ms="10697" started-at="2020-06-18T17:29:28Z" finished-at="2020-06-18T17:29:39Z">
          <reporter-output>
          </reporter-output>
        </test-method> <!-- validatetingWithValidCridentialOfAdmin -->
        <test-method status="PASS" signature="validatetingWithValidCridentialOfSeller()[pri:0, instance:com.bridgelabz.testcases.TC_AdminLogin_01@6fd02e5]" name="validatetingWithValidCridentialOfSeller" duration-ms="10059" started-at="2020-06-18T17:29:39Z" finished-at="2020-06-18T17:29:49Z">
          <reporter-output>
          </reporter-output>
        </test-method> <!-- validatetingWithValidCridentialOfSeller -->
        <test-method status="PASS" signature="tearDown()[pri:0, instance:com.bridgelabz.testcases.TC_AdminLogin_01@6fd02e5]" name="tearDown" is-config="true" duration-ms="750" started-at="2020-06-18T17:29:49Z" finished-at="2020-06-18T17:29:49Z">
          <reporter-output>
          </reporter-output>
        </test-method> <!-- tearDown -->
      </class> <!-- com.bridgelabz.testcases.TC_AdminLogin_01 -->
    </test> <!-- Test -->
  </suite> <!-- Suite -->
</testng-results>
